<?xml version="1.0" encoding="UTF-8"?>
<!-- Generated by org.testng.reporters.JUnitXMLReporter -->
<testsuite hostname="DESKTOP-TD6L0N5" ignored="0" name="Default test" tests="5" failures="0" timestamp="2020-02-11T01:21:03 EET" time="23.53" errors="0">
  <testcase name="adminCanLoginSuccessfully" time="2.244" classname="admintests.PreviewPostTest"/>
  <testcase name="adminCanAddCategory" time="4.852" classname="admintests.PreviewPostTest"/>
  <testcase name="addnewPost" time="4.463" classname="admintests.PreviewPostTest"/>
  <testcase name="AdminCanEditpost" time="5.819" classname="admintests.PreviewPostTest"/>
  <testcase name="AdminCanLivePreviewPost" time="6.1" classname="admintests.PreviewPostTest"/>
</testsuite> <!-- Default test -->
