<?xml version="1.0" encoding="UTF-8"?>
<!-- Generated by org.testng.reporters.JUnitXMLReporter -->
<testsuite hostname="DESKTOP-TD6L0N5" ignored="0" name="Default test" tests="5" failures="0" timestamp="2020-02-09T17:22:49 EET" time="19.208" errors="0">
  <testcase name="adminCanLoginSuccessfully" time="3.153" classname="admintests.AddAdminTest"/>
  <testcase name="addNewAdmin" time="3.174" classname="admintests.AddAdminTest"/>
  <testcase name="Adminlogout" time="2.278" classname="admintests.AddAdminTest"/>
  <testcase name="LoginPageNewAdmin" time="2.748" classname="admintests.AddAdminTest"/>
  <testcase name="deleteNewAdmin" time="7.801" classname="admintests.AddAdminTest"/>
</testsuite> <!-- Default test -->
