<?xml version="1.0" encoding="UTF-8"?>
<testng-results skipped="0" failed="0" ignored="0" total="5" passed="5">
  <reporter-output>
  </reporter-output>
  <suite name="Default suite" duration-ms="23530" started-at="2020-02-11T01:20:39 EET" finished-at="2020-02-11T01:21:03 EET">
    <groups>
    </groups>
    <test name="Default test" duration-ms="23530" started-at="2020-02-11T01:20:39 EET" finished-at="2020-02-11T01:21:03 EET">
      <class name="admintests.PreviewPostTest">
        <test-method status="PASS" signature="startDriver(java.lang.String)[pri:0, instance:admintests.PreviewPostTest@554cd74a]" name="startDriver" is-config="true" duration-ms="5609" started-at="2020-02-11T01:20:34 EET" finished-at="2020-02-11T01:20:39 EET">
          <params>
            <param index="0">
              <value>
                <![CDATA[chrome]]>
              </value>
            </param>
          </params>
          <reporter-output>
          </reporter-output>
        </test-method> <!-- startDriver -->
        <test-method status="PASS" signature="adminCanLoginSuccessfully()[pri:1, instance:admintests.PreviewPostTest@554cd74a]" name="adminCanLoginSuccessfully" duration-ms="2244" started-at="2020-02-11T01:20:39 EET" finished-at="2020-02-11T01:20:42 EET">
          <reporter-output>
          </reporter-output>
        </test-method> <!-- adminCanLoginSuccessfully -->
        <test-method status="PASS" signature="screenshotOnFailure(org.testng.ITestResult)[pri:0, instance:admintests.PreviewPostTest@554cd74a]" name="screenshotOnFailure" is-config="true" duration-ms="15" started-at="2020-02-11T01:20:42 EET" finished-at="2020-02-11T01:20:42 EET">
          <params>
            <param index="0">
              <value>
                <![CDATA[[TestResult name=adminCanLoginSuccessfully status=SUCCESS method=PreviewPostTest.adminCanLoginSuccessfully()[pri:1, instance:admintests.PreviewPostTest@554cd74a] output={null}]]]>
              </value>
            </param>
          </params>
          <reporter-output>
          </reporter-output>
        </test-method> <!-- screenshotOnFailure -->
        <test-method status="PASS" signature="adminCanAddCategory()[pri:2, instance:admintests.PreviewPostTest@554cd74a]" name="adminCanAddCategory" duration-ms="4852" started-at="2020-02-11T01:20:42 EET" finished-at="2020-02-11T01:20:47 EET">
          <reporter-output>
          </reporter-output>
        </test-method> <!-- adminCanAddCategory -->
        <test-method status="PASS" signature="addnewPost()[pri:3, instance:admintests.PreviewPostTest@554cd74a]" name="addnewPost" duration-ms="4463" started-at="2020-02-11T01:20:47 EET" finished-at="2020-02-11T01:20:51 EET">
          <reporter-output>
          </reporter-output>
        </test-method> <!-- addnewPost -->
        <test-method status="PASS" signature="screenshotOnFailure(org.testng.ITestResult)[pri:0, instance:admintests.PreviewPostTest@554cd74a]" name="screenshotOnFailure" is-config="true" duration-ms="0" started-at="2020-02-11T01:20:47 EET" finished-at="2020-02-11T01:20:47 EET">
          <params>
            <param index="0">
              <value>
                <![CDATA[[TestResult name=adminCanAddCategory status=SUCCESS method=PreviewPostTest.adminCanAddCategory()[pri:2, instance:admintests.PreviewPostTest@554cd74a] output={null}]]]>
              </value>
            </param>
          </params>
          <reporter-output>
          </reporter-output>
        </test-method> <!-- screenshotOnFailure -->
        <test-method status="PASS" signature="AdminCanEditpost()[pri:4, instance:admintests.PreviewPostTest@554cd74a]" name="AdminCanEditpost" duration-ms="5819" started-at="2020-02-11T01:20:51 EET" finished-at="2020-02-11T01:20:57 EET">
          <reporter-output>
          </reporter-output>
        </test-method> <!-- AdminCanEditpost -->
        <test-method status="PASS" signature="screenshotOnFailure(org.testng.ITestResult)[pri:0, instance:admintests.PreviewPostTest@554cd74a]" name="screenshotOnFailure" is-config="true" duration-ms="0" started-at="2020-02-11T01:20:51 EET" finished-at="2020-02-11T01:20:51 EET">
          <params>
            <param index="0">
              <value>
                <![CDATA[[TestResult name=addnewPost status=SUCCESS method=PreviewPostTest.addnewPost()[pri:3, instance:admintests.PreviewPostTest@554cd74a] output={null}]]]>
              </value>
            </param>
          </params>
          <reporter-output>
          </reporter-output>
        </test-method> <!-- screenshotOnFailure -->
        <test-method status="PASS" signature="screenshotOnFailure(org.testng.ITestResult)[pri:0, instance:admintests.PreviewPostTest@554cd74a]" name="screenshotOnFailure" is-config="true" duration-ms="0" started-at="2020-02-11T01:20:57 EET" finished-at="2020-02-11T01:20:57 EET">
          <params>
            <param index="0">
              <value>
                <![CDATA[[TestResult name=AdminCanEditpost status=SUCCESS method=PreviewPostTest.AdminCanEditpost()[pri:4, instance:admintests.PreviewPostTest@554cd74a] output={null}]]]>
              </value>
            </param>
          </params>
          <reporter-output>
          </reporter-output>
        </test-method> <!-- screenshotOnFailure -->
        <test-method status="PASS" signature="AdminCanLivePreviewPost()[pri:5, instance:admintests.PreviewPostTest@554cd74a]" name="AdminCanLivePreviewPost" duration-ms="6100" started-at="2020-02-11T01:20:57 EET" finished-at="2020-02-11T01:21:03 EET">
          <reporter-output>
          </reporter-output>
        </test-method> <!-- AdminCanLivePreviewPost -->
        <test-method status="PASS" signature="screenshotOnFailure(org.testng.ITestResult)[pri:0, instance:admintests.PreviewPostTest@554cd74a]" name="screenshotOnFailure" is-config="true" duration-ms="0" started-at="2020-02-11T01:21:03 EET" finished-at="2020-02-11T01:21:03 EET">
          <params>
            <param index="0">
              <value>
                <![CDATA[[TestResult name=AdminCanLivePreviewPost status=SUCCESS method=PreviewPostTest.AdminCanLivePreviewPost()[pri:5, instance:admintests.PreviewPostTest@554cd74a] output={null}]]]>
              </value>
            </param>
          </params>
          <reporter-output>
          </reporter-output>
        </test-method> <!-- screenshotOnFailure -->
        <test-method status="PASS" signature="stopDriver()[pri:0, instance:admintests.PreviewPostTest@554cd74a]" name="stopDriver" is-config="true" duration-ms="1001" started-at="2020-02-11T01:21:03 EET" finished-at="2020-02-11T01:21:04 EET">
          <reporter-output>
          </reporter-output>
        </test-method> <!-- stopDriver -->
      </class> <!-- admintests.PreviewPostTest -->
    </test> <!-- Default test -->
  </suite> <!-- Default suite -->
</testng-results>
